<?xml version="1.0" encoding="UTF-8"?>
<!-- Generated by org.testng.reporters.JUnitXMLReporter -->
<testsuite hostname="Ayas-MacBook-Pro.local" ignored="1" name="RegressionTest" tests="14" failures="2" timestamp="24 Aug 2018 23:01:08 GMT" time="146.64" errors="0">
  <testcase name="addNewComputerMin" time="2.333" classname="com.backbase.test.ComputerDetailTest"/>
  <testcase name="checkNumberOfComputers" time="0.118" classname="com.backbase.test.HomeTest"/>
  <testcase name="addNewComputerMax" time="3.659" classname="com.backbase.test.ComputerDetailTest"/>
  <testcase name="checkPaginationForward" time="60.575" classname="com.backbase.test.HomeTest"/>
  <testcase name="addNewComputerWrongDate" time="1.658" classname="com.backbase.test.ComputerDetailTest">
    <failure type="java.lang.AssertionError" message="expected [http://computer-database.herokuapp.com/computers/new] but found [http://computer-database.herokuapp.com/computers]">
      <![CDATA[java.lang.AssertionError: expected [http://computer-database.herokuapp.com/computers/new] but found [http://computer-database.herokuapp.com/computers]
	at com.backbase.test.ComputerDetailTest.addNewComputerWrongDate(ComputerDetailTest.java:96)
... Removed 31 stack frames]]>
    </failure>
  </testcase> <!-- addNewComputerWrongDate -->
  <testcase name="checkPaginationBackward" time="60.602" classname="com.backbase.test.HomeTest"/>
  <testcase name="viewComputerDetail" time="1.023" classname="com.backbase.test.ComputerDetailTest"/>
  <testcase name="checkCantNavigateBackward" time="0.377" classname="com.backbase.test.HomeTest"/>
  <testcase name="editComputerDetail" time="1.806" classname="com.backbase.test.ComputerDetailTest"/>
  <testcase name="checkCantNavigateForward" time="0.243" classname="com.backbase.test.HomeTest"/>
  <testcase name="editThenCancel" time="1.314" classname="com.backbase.test.ComputerDetailTest"/>
  <testcase name="checkSearchFunc" time="1.339" classname="com.backbase.test.HomeTest"/>
  <testcase name="deleteEntry" time="1.25" classname="com.backbase.test.ComputerDetailTest"/>
  <testcase name="addNewComputerDublicateName" time="1.307" classname="com.backbase.test.ComputerDetailTest">
    <failure type="java.lang.AssertionError" message="expected [http://computer-database.herokuapp.com/computers/new] but found [http://computer-database.herokuapp.com/computers]">
      <![CDATA[java.lang.AssertionError: expected [http://computer-database.herokuapp.com/computers/new] but found [http://computer-database.herokuapp.com/computers]
	at com.backbase.test.ComputerDetailTest.addNewComputerDublicateName(ComputerDetailTest.java:204)
... Removed 31 stack frames]]>
    </failure>
  </testcase> <!-- addNewComputerDublicateName -->
  <testcase name="@BeforeSuite initiateData" time="0.0" classname="com.backbase.test.TestBase">
    <ignored/>
  </testcase> <!-- @BeforeSuite initiateData -->
</testsuite> <!-- RegressionTest -->
