<!DOCTYPE html PUBLIC "-//W3C//DTD XHTML 1.1//EN" "http://www.w3.org/TR/xhtml11/DTD/xhtml11.dtd">
<html xmlns="http://www.w3.org/1999/xhtml"><head><title>TestNG Report</title><style type="text/css">table {margin-bottom:10px;border-collapse:collapse;empty-cells:show}th,td {border:1px solid #009;padding:.25em .5em}th {vertical-align:bottom}td {vertical-align:top}table a {font-weight:bold}.stripe td {background-color: #E6EBF9}.num {text-align:right}.passedodd td {background-color: #3F3}.passedeven td {background-color: #0A0}.skippedodd td {background-color: #DDD}.skippedeven td {background-color: #CCC}.failedodd td,.attn {background-color: #F33}.failedeven td,.stripe .attn {background-color: #D00}.stacktrace {white-space:pre;font-family:monospace}.totop {font-size:85%;text-align:center;border-bottom:2px solid #000}</style></head><body><table><tr><th>Test</th><th># Passed</th><th># Skipped</th><th># Failed</th><th>Time (ms)</th><th>Included Groups</th><th>Excluded Groups</th></tr><tr><th colspan="7">Suite</th></tr><tr><td><a href="#t0">RegressionTest</a></td><td class="num">12</td><td class="num">0</td><td class="num attn">2</td><td class="num">146,640</td><td></td><td></td></tr></table><table id='summary'><thead><tr><th>Class</th><th>Method</th><th>Start</th><th>Time (ms)</th></tr></thead><tbody><tr><th colspan="4">Suite</th></tr></tbody><tbody id="t0"><tr><th colspan="4">RegressionTest &#8212; failed</th></tr><tr class="failedeven"><td rowspan="2">com.backbase.test.ComputerDetailTest</td><td><a href="#m0">addNewComputerDublicateName</a></td><td rowspan="1">1535151666424</td><td rowspan="1">1307</td></tr><tr class="failedeven"><td><a href="#m1">addNewComputerWrongDate</a></td><td rowspan="1">1535151596286</td><td rowspan="1">1658</td></tr><tr><th colspan="4">RegressionTest &#8212; passed</th></tr><tr class="passedeven"><td rowspan="6">com.backbase.test.ComputerDetailTest</td><td><a href="#m2">addNewComputerMax</a></td><td rowspan="1">1535151532050</td><td rowspan="1">3659</td></tr><tr class="passedeven"><td><a href="#m3">addNewComputerMin</a></td><td rowspan="1">1535151525988</td><td rowspan="1">2333</td></tr><tr class="passedeven"><td><a href="#m4">deleteEntry</a></td><td rowspan="1">1535151665173</td><td rowspan="1">1250</td></tr><tr class="passedeven"><td><a href="#m5">editComputerDetail</a></td><td rowspan="1">1535151660305</td><td rowspan="1">1806</td></tr><tr class="passedeven"><td><a href="#m6">editThenCancel</a></td><td rowspan="1">1535151662357</td><td rowspan="1">1314</td></tr><tr class="passedeven"><td><a href="#m7">viewComputerDetail</a></td><td rowspan="1">1535151658902</td><td rowspan="1">1023</td></tr><tr class="passedodd"><td rowspan="6">com.backbase.test.HomeTest</td><td><a href="#m8">checkCantNavigateBackward</a></td><td rowspan="1">1535151659926</td><td rowspan="1">377</td></tr><tr class="passedodd"><td><a href="#m9">checkCantNavigateForward</a></td><td rowspan="1">1535151662112</td><td rowspan="1">243</td></tr><tr class="passedodd"><td><a href="#m10">checkNumberOfComputers</a></td><td rowspan="1">1535151531930</td><td rowspan="1">118</td></tr><tr class="passedodd"><td><a href="#m11">checkPaginationBackward</a></td><td rowspan="1">1535151598299</td><td rowspan="1">60602</td></tr><tr class="passedodd"><td><a href="#m12">checkPaginationForward</a></td><td rowspan="1">1535151535710</td><td rowspan="1">60575</td></tr><tr class="passedodd"><td><a href="#m13">checkSearchFunc</a></td><td rowspan="1">1535151663672</td><td rowspan="1">1339</td></tr></tbody></table><h2>RegressionTest</h2><h3 id="m0">com.backbase.test.ComputerDetailTest#addNewComputerDublicateName</h3><table class="result"><tr><th>Exception</th></tr><tr><td><div class="stacktrace">java.lang.AssertionError: expected [http://computer-database.herokuapp.com/computers/new] but found [http://computer-database.herokuapp.com/computers]
	at com.backbase.test.ComputerDetailTest.addNewComputerDublicateName(ComputerDetailTest.java:204)
... Removed 31 stack frames</div></td></tr></table><p class="totop"><a href="#summary">back to summary</a></p><h3 id="m1">com.backbase.test.ComputerDetailTest#addNewComputerWrongDate</h3><table class="result"><tr><th>Exception</th></tr><tr><td><div class="stacktrace">java.lang.AssertionError: expected [http://computer-database.herokuapp.com/computers/new] but found [http://computer-database.herokuapp.com/computers]
	at com.backbase.test.ComputerDetailTest.addNewComputerWrongDate(ComputerDetailTest.java:96)
... Removed 31 stack frames</div></td></tr></table><p class="totop"><a href="#summary">back to summary</a></p><h3 id="m2">com.backbase.test.ComputerDetailTest#addNewComputerMax</h3><table class="result"></table><p class="totop"><a href="#summary">back to summary</a></p><h3 id="m3">com.backbase.test.ComputerDetailTest#addNewComputerMin</h3><table class="result"></table><p class="totop"><a href="#summary">back to summary</a></p><h3 id="m4">com.backbase.test.ComputerDetailTest#deleteEntry</h3><table class="result"></table><p class="totop"><a href="#summary">back to summary</a></p><h3 id="m5">com.backbase.test.ComputerDetailTest#editComputerDetail</h3><table class="result"></table><p class="totop"><a href="#summary">back to summary</a></p><h3 id="m6">com.backbase.test.ComputerDetailTest#editThenCancel</h3><table class="result"></table><p class="totop"><a href="#summary">back to summary</a></p><h3 id="m7">com.backbase.test.ComputerDetailTest#viewComputerDetail</h3><table class="result"></table><p class="totop"><a href="#summary">back to summary</a></p><h3 id="m8">com.backbase.test.HomeTest#checkCantNavigateBackward</h3><table class="result"></table><p class="totop"><a href="#summary">back to summary</a></p><h3 id="m9">com.backbase.test.HomeTest#checkCantNavigateForward</h3><table class="result"></table><p class="totop"><a href="#summary">back to summary</a></p><h3 id="m10">com.backbase.test.HomeTest#checkNumberOfComputers</h3><table class="result"></table><p class="totop"><a href="#summary">back to summary</a></p><h3 id="m11">com.backbase.test.HomeTest#checkPaginationBackward</h3><table class="result"></table><p class="totop"><a href="#summary">back to summary</a></p><h3 id="m12">com.backbase.test.HomeTest#checkPaginationForward</h3><table class="result"></table><p class="totop"><a href="#summary">back to summary</a></p><h3 id="m13">com.backbase.test.HomeTest#checkSearchFunc</h3><table class="result"></table><p class="totop"><a href="#summary">back to summary</a></p></body></html>