<?xml version="1.0" encoding="UTF-8"?>
<testng-results skipped="0" failed="2" ignored="1" total="15" passed="12">
  <reporter-output>
  </reporter-output>
  <suite name="Suite" duration-ms="146640" started-at="2018-08-24T22:58:41Z" finished-at="2018-08-24T23:01:08Z">
    <groups>
    </groups>
    <test name="RegressionTest" duration-ms="146640" started-at="2018-08-24T22:58:41Z" finished-at="2018-08-24T23:01:08Z">
      <class name="com.backbase.test.HomeTest">
        <test-method status="PASS" signature="startDriver(java.lang.String, java.lang.String)[pri:0, instance:com.backbase.test.HomeTest@5b275dab]" name="startDriver" is-config="true" duration-ms="3604" started-at="2018-08-25T00:58:48Z" finished-at="2018-08-25T00:58:51Z">
          <params>
            <param index="0">
              <value>
                <![CDATA[firefox]]>
              </value>
            </param>
            <param index="1">
              <value>
                <![CDATA[http://computer-database.herokuapp.com/computers]]>
              </value>
            </param>
          </params>
          <reporter-output>
          </reporter-output>
        </test-method> <!-- startDriver -->
        <test-method status="PASS" signature="init()[pri:0, instance:com.backbase.test.HomeTest@5b275dab]" name="init" is-config="true" duration-ms="2" started-at="2018-08-25T00:58:51Z" finished-at="2018-08-25T00:58:51Z">
          <reporter-output>
          </reporter-output>
        </test-method> <!-- init -->
        <test-method status="PASS" signature="checkNumberOfComputers()[pri:1, instance:com.backbase.test.HomeTest@5b275dab]" name="checkNumberOfComputers" duration-ms="118" started-at="2018-08-25T00:58:51Z" finished-at="2018-08-25T00:58:52Z">
          <reporter-output>
          </reporter-output>
        </test-method> <!-- checkNumberOfComputers -->
        <test-method status="PASS" signature="screeshotOnFailure(org.testng.ITestResult)[pri:0, instance:com.backbase.test.HomeTest@5b275dab]" name="screeshotOnFailure" is-config="true" duration-ms="0" started-at="2018-08-25T00:58:52Z" finished-at="2018-08-25T00:58:52Z">
          <params>
            <param index="0">
              <value>
                <![CDATA[[TestResult name=checkNumberOfComputers status=SUCCESS method=HomeTest.checkNumberOfComputers()[pri:1, instance:com.backbase.test.HomeTest@5b275dab] output={null}]]]>
              </value>
            </param>
          </params>
          <reporter-output>
          </reporter-output>
        </test-method> <!-- screeshotOnFailure -->
        <test-method status="PASS" signature="checkPaginationForward()[pri:2, instance:com.backbase.test.HomeTest@5b275dab]" name="checkPaginationForward" duration-ms="60575" started-at="2018-08-25T00:58:55Z" finished-at="2018-08-25T00:59:56Z">
          <reporter-output>
          </reporter-output>
        </test-method> <!-- checkPaginationForward -->
        <test-method status="PASS" signature="screeshotOnFailure(org.testng.ITestResult)[pri:0, instance:com.backbase.test.HomeTest@5b275dab]" name="screeshotOnFailure" is-config="true" duration-ms="0" started-at="2018-08-25T00:59:56Z" finished-at="2018-08-25T00:59:56Z">
          <params>
            <param index="0">
              <value>
                <![CDATA[[TestResult name=checkPaginationForward status=SUCCESS method=HomeTest.checkPaginationForward()[pri:2, instance:com.backbase.test.HomeTest@5b275dab] output={null}]]]>
              </value>
            </param>
          </params>
          <reporter-output>
          </reporter-output>
        </test-method> <!-- screeshotOnFailure -->
        <test-method status="PASS" signature="checkPaginationBackward()[pri:3, instance:com.backbase.test.HomeTest@5b275dab]" name="checkPaginationBackward" duration-ms="60602" started-at="2018-08-25T00:59:58Z" finished-at="2018-08-25T01:00:58Z">
          <reporter-output>
          </reporter-output>
        </test-method> <!-- checkPaginationBackward -->
        <test-method status="PASS" signature="screeshotOnFailure(org.testng.ITestResult)[pri:0, instance:com.backbase.test.HomeTest@5b275dab]" name="screeshotOnFailure" is-config="true" duration-ms="0" started-at="2018-08-25T01:00:58Z" finished-at="2018-08-25T01:00:58Z">
          <params>
            <param index="0">
              <value>
                <![CDATA[[TestResult name=checkPaginationBackward status=SUCCESS method=HomeTest.checkPaginationBackward()[pri:3, instance:com.backbase.test.HomeTest@5b275dab] output={null}]]]>
              </value>
            </param>
          </params>
          <reporter-output>
          </reporter-output>
        </test-method> <!-- screeshotOnFailure -->
        <test-method status="PASS" signature="checkCantNavigateBackward()[pri:4, instance:com.backbase.test.HomeTest@5b275dab]" name="checkCantNavigateBackward" duration-ms="377" started-at="2018-08-25T01:00:59Z" finished-at="2018-08-25T01:01:00Z">
          <reporter-output>
          </reporter-output>
        </test-method> <!-- checkCantNavigateBackward -->
        <test-method status="PASS" signature="screeshotOnFailure(org.testng.ITestResult)[pri:0, instance:com.backbase.test.HomeTest@5b275dab]" name="screeshotOnFailure" is-config="true" duration-ms="0" started-at="2018-08-25T01:01:00Z" finished-at="2018-08-25T01:01:00Z">
          <params>
            <param index="0">
              <value>
                <![CDATA[[TestResult name=checkCantNavigateBackward status=SUCCESS method=HomeTest.checkCantNavigateBackward()[pri:4, instance:com.backbase.test.HomeTest@5b275dab] output={null}]]]>
              </value>
            </param>
          </params>
          <reporter-output>
          </reporter-output>
        </test-method> <!-- screeshotOnFailure -->
        <test-method status="PASS" signature="checkCantNavigateForward()[pri:5, instance:com.backbase.test.HomeTest@5b275dab]" name="checkCantNavigateForward" duration-ms="243" started-at="2018-08-25T01:01:02Z" finished-at="2018-08-25T01:01:02Z">
          <reporter-output>
          </reporter-output>
        </test-method> <!-- checkCantNavigateForward -->
        <test-method status="PASS" signature="screeshotOnFailure(org.testng.ITestResult)[pri:0, instance:com.backbase.test.HomeTest@5b275dab]" name="screeshotOnFailure" is-config="true" duration-ms="1" started-at="2018-08-25T01:01:02Z" finished-at="2018-08-25T01:01:02Z">
          <params>
            <param index="0">
              <value>
                <![CDATA[[TestResult name=checkCantNavigateForward status=SUCCESS method=HomeTest.checkCantNavigateForward()[pri:5, instance:com.backbase.test.HomeTest@5b275dab] output={null}]]]>
              </value>
            </param>
          </params>
          <reporter-output>
          </reporter-output>
        </test-method> <!-- screeshotOnFailure -->
        <test-method status="PASS" signature="checkSearchFunc()[pri:6, instance:com.backbase.test.HomeTest@5b275dab]" name="checkSearchFunc" duration-ms="1339" started-at="2018-08-25T01:01:03Z" finished-at="2018-08-25T01:01:05Z">
          <reporter-output>
          </reporter-output>
        </test-method> <!-- checkSearchFunc -->
        <test-method status="PASS" signature="stopDriver()[pri:0, instance:com.backbase.test.HomeTest@5b275dab]" name="stopDriver" is-config="true" duration-ms="161" started-at="2018-08-25T01:01:05Z" finished-at="2018-08-25T01:01:05Z">
          <reporter-output>
          </reporter-output>
        </test-method> <!-- stopDriver -->
        <test-method status="PASS" signature="screeshotOnFailure(org.testng.ITestResult)[pri:0, instance:com.backbase.test.HomeTest@5b275dab]" name="screeshotOnFailure" is-config="true" duration-ms="0" started-at="2018-08-25T01:01:05Z" finished-at="2018-08-25T01:01:05Z">
          <params>
            <param index="0">
              <value>
                <![CDATA[[TestResult name=checkSearchFunc status=SUCCESS method=HomeTest.checkSearchFunc()[pri:6, instance:com.backbase.test.HomeTest@5b275dab] output={null}]]]>
              </value>
            </param>
          </params>
          <reporter-output>
          </reporter-output>
        </test-method> <!-- screeshotOnFailure -->
      </class> <!-- com.backbase.test.HomeTest -->
      <class name="com.backbase.test.ComputerDetailTest">
        <test-method status="PASS" signature="initiateData()[pri:0, instance:com.backbase.test.ComputerDetailTest@523884b2]" name="initiateData" is-config="true" duration-ms="445" started-at="2018-08-25T00:58:41Z" finished-at="2018-08-25T00:58:41Z">
          <reporter-output>
          </reporter-output>
        </test-method> <!-- initiateData -->
        <test-method status="PASS" signature="startDriver(java.lang.String, java.lang.String)[pri:0, instance:com.backbase.test.ComputerDetailTest@523884b2]" name="startDriver" is-config="true" duration-ms="4453" started-at="2018-08-25T00:58:41Z" finished-at="2018-08-25T00:58:45Z">
          <params>
            <param index="0">
              <value>
                <![CDATA[firefox]]>
              </value>
            </param>
            <param index="1">
              <value>
                <![CDATA[http://computer-database.herokuapp.com/computers]]>
              </value>
            </param>
          </params>
          <reporter-output>
          </reporter-output>
        </test-method> <!-- startDriver -->
        <test-method status="PASS" signature="init()[pri:0, instance:com.backbase.test.ComputerDetailTest@523884b2]" name="init" is-config="true" duration-ms="34" started-at="2018-08-25T00:58:45Z" finished-at="2018-08-25T00:58:45Z">
          <reporter-output>
          </reporter-output>
        </test-method> <!-- init -->
        <test-method status="PASS" signature="addNewComputerMin()[pri:1, instance:com.backbase.test.ComputerDetailTest@523884b2]" name="addNewComputerMin" duration-ms="2333" started-at="2018-08-25T00:58:45Z" finished-at="2018-08-25T00:58:48Z">
          <reporter-output>
          </reporter-output>
        </test-method> <!-- addNewComputerMin -->
        <test-method status="PASS" signature="screeshotOnFailure(org.testng.ITestResult)[pri:0, instance:com.backbase.test.ComputerDetailTest@523884b2]" name="screeshotOnFailure" is-config="true" duration-ms="0" started-at="2018-08-25T00:58:48Z" finished-at="2018-08-25T00:58:48Z">
          <params>
            <param index="0">
              <value>
                <![CDATA[[TestResult name=addNewComputerMin status=SUCCESS method=ComputerDetailTest.addNewComputerMin()[pri:1, instance:com.backbase.test.ComputerDetailTest@523884b2] output={null}]]]>
              </value>
            </param>
          </params>
          <reporter-output>
          </reporter-output>
        </test-method> <!-- screeshotOnFailure -->
        <test-method status="PASS" signature="addNewComputerMax()[pri:2, instance:com.backbase.test.ComputerDetailTest@523884b2]" name="addNewComputerMax" duration-ms="3659" started-at="2018-08-25T00:58:52Z" finished-at="2018-08-25T00:58:55Z">
          <reporter-output>
          </reporter-output>
        </test-method> <!-- addNewComputerMax -->
        <test-method status="PASS" signature="screeshotOnFailure(org.testng.ITestResult)[pri:0, instance:com.backbase.test.ComputerDetailTest@523884b2]" name="screeshotOnFailure" is-config="true" duration-ms="0" started-at="2018-08-25T00:58:55Z" finished-at="2018-08-25T00:58:55Z">
          <params>
            <param index="0">
              <value>
                <![CDATA[[TestResult name=addNewComputerMax status=SUCCESS method=ComputerDetailTest.addNewComputerMax()[pri:2, instance:com.backbase.test.ComputerDetailTest@523884b2] output={null}]]]>
              </value>
            </param>
          </params>
          <reporter-output>
          </reporter-output>
        </test-method> <!-- screeshotOnFailure -->
        <test-method status="FAIL" signature="addNewComputerWrongDate()[pri:3, instance:com.backbase.test.ComputerDetailTest@523884b2]" name="addNewComputerWrongDate" duration-ms="1658" started-at="2018-08-25T00:59:56Z" finished-at="2018-08-25T00:59:57Z">
          <exception class="java.lang.AssertionError">
            <message>
              <![CDATA[expected [http://computer-database.herokuapp.com/computers/new] but found [http://computer-database.herokuapp.com/computers]]]>
            </message>
            <full-stacktrace>
              <![CDATA[java.lang.AssertionError: expected [http://computer-database.herokuapp.com/computers/new] but found [http://computer-database.herokuapp.com/computers]
	at org.testng.Assert.fail(Assert.java:93)
	at org.testng.Assert.failNotEquals(Assert.java:512)
	at org.testng.Assert.assertEqualsImpl(Assert.java:134)
	at org.testng.Assert.assertEquals(Assert.java:115)
	at org.testng.Assert.assertEquals(Assert.java:189)
	at org.testng.Assert.assertEquals(Assert.java:199)
	at com.backbase.test.ComputerDetailTest.addNewComputerWrongDate(ComputerDetailTest.java:96)
	at sun.reflect.NativeMethodAccessorImpl.invoke0(Native Method)
	at sun.reflect.NativeMethodAccessorImpl.invoke(NativeMethodAccessorImpl.java:62)
	at sun.reflect.DelegatingMethodAccessorImpl.invoke(DelegatingMethodAccessorImpl.java:43)
	at java.lang.reflect.Method.invoke(Method.java:498)
	at org.testng.internal.MethodInvocationHelper.invokeMethod(MethodInvocationHelper.java:108)
	at org.testng.internal.Invoker.invokeMethod(Invoker.java:661)
	at org.testng.internal.Invoker.invokeTestMethod(Invoker.java:869)
	at org.testng.internal.Invoker.invokeTestMethods(Invoker.java:1193)
	at org.testng.internal.TestMethodWorker.invokeTestMethods(TestMethodWorker.java:126)
	at org.testng.internal.TestMethodWorker.run(TestMethodWorker.java:109)
	at org.testng.TestRunner.privateRun(TestRunner.java:744)
	at org.testng.TestRunner.run(TestRunner.java:602)
	at org.testng.SuiteRunner.runTest(SuiteRunner.java:380)
	at org.testng.SuiteRunner.runSequentially(SuiteRunner.java:375)
	at org.testng.SuiteRunner.privateRun(SuiteRunner.java:340)
	at org.testng.SuiteRunner.run(SuiteRunner.java:289)
	at org.testng.SuiteRunnerWorker.runSuite(SuiteRunnerWorker.java:52)
	at org.testng.SuiteRunnerWorker.run(SuiteRunnerWorker.java:86)
	at org.testng.TestNG.runSuitesSequentially(TestNG.java:1301)
	at org.testng.TestNG.runSuitesLocally(TestNG.java:1226)
	at org.testng.TestNG.runSuites(TestNG.java:1144)
	at org.testng.TestNG.run(TestNG.java:1115)
	at org.testng.remote.AbstractRemoteTestNG.run(AbstractRemoteTestNG.java:132)
	at org.testng.remote.RemoteTestNG.initAndRun(RemoteTestNG.java:236)
	at org.testng.remote.RemoteTestNG.main(RemoteTestNG.java:81)
]]>
            </full-stacktrace>
          </exception> <!-- java.lang.AssertionError -->
          <reporter-output>
          </reporter-output>
        </test-method> <!-- addNewComputerWrongDate -->
        <test-method status="PASS" signature="screeshotOnFailure(org.testng.ITestResult)[pri:0, instance:com.backbase.test.ComputerDetailTest@523884b2]" name="screeshotOnFailure" is-config="true" duration-ms="352" started-at="2018-08-25T00:59:57Z" finished-at="2018-08-25T00:59:58Z">
          <params>
            <param index="0">
              <value>
                <![CDATA[[TestResult name=addNewComputerWrongDate status=FAILURE method=ComputerDetailTest.addNewComputerWrongDate()[pri:3, instance:com.backbase.test.ComputerDetailTest@523884b2] output={null}]]]>
              </value>
            </param>
          </params>
          <reporter-output>
          </reporter-output>
        </test-method> <!-- screeshotOnFailure -->
        <test-method status="PASS" signature="viewComputerDetail()[pri:4, instance:com.backbase.test.ComputerDetailTest@523884b2]" name="viewComputerDetail" duration-ms="1023" started-at="2018-08-25T01:00:58Z" finished-at="2018-08-25T01:00:59Z">
          <reporter-output>
          </reporter-output>
        </test-method> <!-- viewComputerDetail -->
        <test-method status="PASS" signature="screeshotOnFailure(org.testng.ITestResult)[pri:0, instance:com.backbase.test.ComputerDetailTest@523884b2]" name="screeshotOnFailure" is-config="true" duration-ms="0" started-at="2018-08-25T01:00:59Z" finished-at="2018-08-25T01:00:59Z">
          <params>
            <param index="0">
              <value>
                <![CDATA[[TestResult name=viewComputerDetail status=SUCCESS method=ComputerDetailTest.viewComputerDetail()[pri:4, instance:com.backbase.test.ComputerDetailTest@523884b2] output={null}]]]>
              </value>
            </param>
          </params>
          <reporter-output>
          </reporter-output>
        </test-method> <!-- screeshotOnFailure -->
        <test-method status="PASS" signature="editComputerDetail()[pri:5, instance:com.backbase.test.ComputerDetailTest@523884b2]" name="editComputerDetail" duration-ms="1806" started-at="2018-08-25T01:01:00Z" finished-at="2018-08-25T01:01:02Z">
          <reporter-output>
          </reporter-output>
        </test-method> <!-- editComputerDetail -->
        <test-method status="PASS" signature="screeshotOnFailure(org.testng.ITestResult)[pri:0, instance:com.backbase.test.ComputerDetailTest@523884b2]" name="screeshotOnFailure" is-config="true" duration-ms="0" started-at="2018-08-25T01:01:02Z" finished-at="2018-08-25T01:01:02Z">
          <params>
            <param index="0">
              <value>
                <![CDATA[[TestResult name=editComputerDetail status=SUCCESS method=ComputerDetailTest.editComputerDetail()[pri:5, instance:com.backbase.test.ComputerDetailTest@523884b2] output={null}]]]>
              </value>
            </param>
          </params>
          <reporter-output>
          </reporter-output>
        </test-method> <!-- screeshotOnFailure -->
        <test-method status="PASS" signature="editThenCancel()[pri:6, instance:com.backbase.test.ComputerDetailTest@523884b2]" name="editThenCancel" duration-ms="1314" started-at="2018-08-25T01:01:02Z" finished-at="2018-08-25T01:01:03Z">
          <reporter-output>
          </reporter-output>
        </test-method> <!-- editThenCancel -->
        <test-method status="PASS" signature="screeshotOnFailure(org.testng.ITestResult)[pri:0, instance:com.backbase.test.ComputerDetailTest@523884b2]" name="screeshotOnFailure" is-config="true" duration-ms="1" started-at="2018-08-25T01:01:03Z" finished-at="2018-08-25T01:01:03Z">
          <params>
            <param index="0">
              <value>
                <![CDATA[[TestResult name=editThenCancel status=SUCCESS method=ComputerDetailTest.editThenCancel()[pri:6, instance:com.backbase.test.ComputerDetailTest@523884b2] output={null}]]]>
              </value>
            </param>
          </params>
          <reporter-output>
          </reporter-output>
        </test-method> <!-- screeshotOnFailure -->
        <test-method status="PASS" signature="deleteEntry()[pri:7, instance:com.backbase.test.ComputerDetailTest@523884b2]" name="deleteEntry" duration-ms="1250" started-at="2018-08-25T01:01:05Z" finished-at="2018-08-25T01:01:06Z">
          <reporter-output>
          </reporter-output>
        </test-method> <!-- deleteEntry -->
        <test-method status="PASS" signature="screeshotOnFailure(org.testng.ITestResult)[pri:0, instance:com.backbase.test.ComputerDetailTest@523884b2]" name="screeshotOnFailure" is-config="true" duration-ms="0" started-at="2018-08-25T01:01:06Z" finished-at="2018-08-25T01:01:06Z">
          <params>
            <param index="0">
              <value>
                <![CDATA[[TestResult name=deleteEntry status=SUCCESS method=ComputerDetailTest.deleteEntry()[pri:7, instance:com.backbase.test.ComputerDetailTest@523884b2] output={null}]]]>
              </value>
            </param>
          </params>
          <reporter-output>
          </reporter-output>
        </test-method> <!-- screeshotOnFailure -->
        <test-method status="FAIL" signature="addNewComputerDublicateName()[pri:8, instance:com.backbase.test.ComputerDetailTest@523884b2]" name="addNewComputerDublicateName" duration-ms="1307" started-at="2018-08-25T01:01:06Z" finished-at="2018-08-25T01:01:07Z">
          <exception class="java.lang.AssertionError">
            <message>
              <![CDATA[expected [http://computer-database.herokuapp.com/computers/new] but found [http://computer-database.herokuapp.com/computers]]]>
            </message>
            <full-stacktrace>
              <![CDATA[java.lang.AssertionError: expected [http://computer-database.herokuapp.com/computers/new] but found [http://computer-database.herokuapp.com/computers]
	at org.testng.Assert.fail(Assert.java:93)
	at org.testng.Assert.failNotEquals(Assert.java:512)
	at org.testng.Assert.assertEqualsImpl(Assert.java:134)
	at org.testng.Assert.assertEquals(Assert.java:115)
	at org.testng.Assert.assertEquals(Assert.java:189)
	at org.testng.Assert.assertEquals(Assert.java:199)
	at com.backbase.test.ComputerDetailTest.addNewComputerDublicateName(ComputerDetailTest.java:204)
	at sun.reflect.NativeMethodAccessorImpl.invoke0(Native Method)
	at sun.reflect.NativeMethodAccessorImpl.invoke(NativeMethodAccessorImpl.java:62)
	at sun.reflect.DelegatingMethodAccessorImpl.invoke(DelegatingMethodAccessorImpl.java:43)
	at java.lang.reflect.Method.invoke(Method.java:498)
	at org.testng.internal.MethodInvocationHelper.invokeMethod(MethodInvocationHelper.java:108)
	at org.testng.internal.Invoker.invokeMethod(Invoker.java:661)
	at org.testng.internal.Invoker.invokeTestMethod(Invoker.java:869)
	at org.testng.internal.Invoker.invokeTestMethods(Invoker.java:1193)
	at org.testng.internal.TestMethodWorker.invokeTestMethods(TestMethodWorker.java:126)
	at org.testng.internal.TestMethodWorker.run(TestMethodWorker.java:109)
	at org.testng.TestRunner.privateRun(TestRunner.java:744)
	at org.testng.TestRunner.run(TestRunner.java:602)
	at org.testng.SuiteRunner.runTest(SuiteRunner.java:380)
	at org.testng.SuiteRunner.runSequentially(SuiteRunner.java:375)
	at org.testng.SuiteRunner.privateRun(SuiteRunner.java:340)
	at org.testng.SuiteRunner.run(SuiteRunner.java:289)
	at org.testng.SuiteRunnerWorker.runSuite(SuiteRunnerWorker.java:52)
	at org.testng.SuiteRunnerWorker.run(SuiteRunnerWorker.java:86)
	at org.testng.TestNG.runSuitesSequentially(TestNG.java:1301)
	at org.testng.TestNG.runSuitesLocally(TestNG.java:1226)
	at org.testng.TestNG.runSuites(TestNG.java:1144)
	at org.testng.TestNG.run(TestNG.java:1115)
	at org.testng.remote.AbstractRemoteTestNG.run(AbstractRemoteTestNG.java:132)
	at org.testng.remote.RemoteTestNG.initAndRun(RemoteTestNG.java:236)
	at org.testng.remote.RemoteTestNG.main(RemoteTestNG.java:81)
]]>
            </full-stacktrace>
          </exception> <!-- java.lang.AssertionError -->
          <reporter-output>
          </reporter-output>
        </test-method> <!-- addNewComputerDublicateName -->
        <test-method status="PASS" signature="screeshotOnFailure(org.testng.ITestResult)[pri:0, instance:com.backbase.test.ComputerDetailTest@523884b2]" name="screeshotOnFailure" is-config="true" duration-ms="197" started-at="2018-08-25T01:01:07Z" finished-at="2018-08-25T01:01:07Z">
          <params>
            <param index="0">
              <value>
                <![CDATA[[TestResult name=addNewComputerDublicateName status=FAILURE method=ComputerDetailTest.addNewComputerDublicateName()[pri:8, instance:com.backbase.test.ComputerDetailTest@523884b2] output={null}]]]>
              </value>
            </param>
          </params>
          <reporter-output>
          </reporter-output>
        </test-method> <!-- screeshotOnFailure -->
        <test-method status="PASS" signature="stopDriver()[pri:0, instance:com.backbase.test.ComputerDetailTest@523884b2]" name="stopDriver" is-config="true" duration-ms="159" started-at="2018-08-25T01:01:07Z" finished-at="2018-08-25T01:01:08Z">
          <reporter-output>
          </reporter-output>
        </test-method> <!-- stopDriver -->
      </class> <!-- com.backbase.test.ComputerDetailTest -->
    </test> <!-- RegressionTest -->
  </suite> <!-- Suite -->
</testng-results>
