<?xml version="1.0" encoding="UTF-8"?>
<!-- Generated by org.testng.reporters.JUnitReportReporter -->
<testsuite skipped="0" hostname="Ayas-MacBook-Pro.local" name="com.backbase.test.HomeTest" tests="6" failures="0" timestamp="24 Aug 2018 23:01:08 GMT" time="123.255" errors="0">
  <testcase name="checkNumberOfComputers" time="0.118" classname="com.backbase.test.HomeTest"/>
  <testcase name="checkPaginationForward" time="60.575" classname="com.backbase.test.HomeTest"/>
  <testcase name="checkPaginationBackward" time="60.602" classname="com.backbase.test.HomeTest"/>
  <testcase name="checkCantNavigateBackward" time="0.378" classname="com.backbase.test.HomeTest"/>
  <testcase name="checkCantNavigateForward" time="0.243" classname="com.backbase.test.HomeTest"/>
  <testcase name="checkSearchFunc" time="1.339" classname="com.backbase.test.HomeTest"/>
</testsuite> <!-- com.backbase.test.HomeTest -->
